[03/15/2026 19:16:11][INFO]:	Reading UID database.
[03/15/2026 19:16:11][INFO]:	Start loading STAAD model.
[03/15/2026 19:16:11][INFO]:	Reading model file.
[03/15/2026 19:16:11][INFO]:	Reading model file is complete.
[03/15/2026 19:16:11][INFO]:	Processing support.
[03/15/2026 19:16:11][INFO]:	Processing springs.
[03/15/2026 19:16:11][INFO]:	Processing properties.
[03/15/2026 19:16:11][INFO]:	Processing physical properties.
[03/15/2026 19:16:11][INFO]:	Processing constants.
[03/15/2026 19:16:11][INFO]:	Processing BETA constants.
[03/15/2026 19:16:11][INFO]:	Processing hidden analytical member loads.
[03/15/2026 19:16:11][INFO]:	Processing command list for member release.
[03/15/2026 19:16:12][INFO]:	Processing command list for member offset.
[03/15/2026 19:16:12][INFO]:	Processing command list for member specs (cracked).
[03/15/2026 19:16:12][INFO]:	Processing command list for member specs (axial).
[03/15/2026 19:16:12][INFO]:	Processing command list for element release.
[03/15/2026 19:16:12][INFO]:	Processing command list for element offset.
[03/15/2026 19:16:12][INFO]:	Processing command list for element plate stress directive.
[03/15/2026 19:16:12][INFO]:	Processing parameter for Chinese wind load case.
[03/15/2026 19:16:12][INFO]:	End Processing command list.
[03/15/2026 19:16:12][INFO]:	End loading STAAD model.
[03/15/2026 19:16:12][INFO]:	Start Post Analysis method
[03/15/2026 19:16:12][INFO]:	Removed all hidden plates from surfaces
[03/15/2026 19:16:12][INFO]:	Removed all hidden plates
[03/15/2026 19:16:12][INFO]:	Removed all hidden nodes
[03/15/2026 19:16:12][INFO]:	Loading results from MSH file...
[03/15/2026 19:16:12][INFO]:	Building result indices...
[03/15/2026 19:16:12][INFO]:	Loading plate stress results...
[03/15/2026 19:16:12][INFO]:	Set analysis report setup data
[03/15/2026 19:16:12][INFO]:	Starting page setup...
[03/15/2026 19:16:12][INFO]:	Page setup completed
[03/15/2026 19:16:12][INFO]:	Setting available workflows...
[03/15/2026 19:16:12][INFO]:	Post analysis method ends
